2023-07-02 12:25:21,736 [Worker-2: Loading available Gradle versions] INFO  o.e.b.c.i.u.g.PublishedGradleVersions - Gradle version information cache is up-to-date. Trying to read.
2023-07-02 12:25:55,102 [Worker-21: Launching mavenrun-d77d19d8-0a45-4aad-ad7f-d8b4d9f0735a] INFO  o.eclipse.m2e.core.internal.Bundles - getClasspathEntries(Bundle=org.eclipse.m2e.maven.runtime_3.8.701.20230209-1606 [610])
2023-07-02 12:25:55,117 [Worker-21: Launching mavenrun-d77d19d8-0a45-4aad-ad7f-d8b4d9f0735a] INFO  o.eclipse.m2e.core.internal.Bundles - 	Entry: C:\eclipse\plugins\org.eclipse.m2e.maven.runtime_3.8.701.20230209-1606
2023-07-02 12:25:55,117 [Worker-21: Launching mavenrun-d77d19d8-0a45-4aad-ad7f-d8b4d9f0735a] INFO  o.eclipse.m2e.core.internal.Bundles - 	Entry: C:\eclipse\plugins\org.eclipse.m2e.maven.runtime_3.8.701.20230209-1606\jars\aether-connector-okhttp-0.17.8.jar
2023-07-02 12:25:55,118 [Worker-21: Launching mavenrun-d77d19d8-0a45-4aad-ad7f-d8b4d9f0735a] INFO  o.eclipse.m2e.core.internal.Bundles - 	Entry: C:\eclipse\plugins\org.eclipse.m2e.maven.runtime_3.8.701.20230209-1606\jars\commons-lang3-3.8.1.jar
2023-07-02 12:25:55,118 [Worker-21: Launching mavenrun-d77d19d8-0a45-4aad-ad7f-d8b4d9f0735a] INFO  o.eclipse.m2e.core.internal.Bundles - 	Entry: C:\eclipse\plugins\org.eclipse.m2e.maven.runtime_3.8.701.20230209-1606\jars\guice-4.2.2-no_aop.jar
2023-07-02 12:25:55,118 [Worker-21: Launching mavenrun-d77d19d8-0a45-4aad-ad7f-d8b4d9f0735a] INFO  o.eclipse.m2e.core.internal.Bundles - 	Entry: C:\eclipse\plugins\org.eclipse.m2e.maven.runtime_3.8.701.20230209-1606\jars\jansi-2.4.0.jar
2023-07-02 12:25:55,118 [Worker-21: Launching mavenrun-d77d19d8-0a45-4aad-ad7f-d8b4d9f0735a] INFO  o.eclipse.m2e.core.internal.Bundles - 	Entry: C:\eclipse\plugins\org.eclipse.m2e.maven.runtime_3.8.701.20230209-1606\jars\maven-artifact-3.8.7.jar
2023-07-02 12:25:55,118 [Worker-21: Launching mavenrun-d77d19d8-0a45-4aad-ad7f-d8b4d9f0735a] INFO  o.eclipse.m2e.core.internal.Bundles - 	Entry: C:\eclipse\plugins\org.eclipse.m2e.maven.runtime_3.8.701.20230209-1606\jars\maven-builder-support-3.8.7.jar
2023-07-02 12:25:55,118 [Worker-21: Launching mavenrun-d77d19d8-0a45-4aad-ad7f-d8b4d9f0735a] INFO  o.eclipse.m2e.core.internal.Bundles - 	Entry: C:\eclipse\plugins\org.eclipse.m2e.maven.runtime_3.8.701.20230209-1606\jars\maven-compat-3.8.7.jar
2023-07-02 12:25:55,118 [Worker-21: Launching mavenrun-d77d19d8-0a45-4aad-ad7f-d8b4d9f0735a] INFO  o.eclipse.m2e.core.internal.Bundles - 	Entry: C:\eclipse\plugins\org.eclipse.m2e.maven.runtime_3.8.701.20230209-1606\jars\maven-core-3.8.7.jar
2023-07-02 12:25:55,118 [Worker-21: Launching mavenrun-d77d19d8-0a45-4aad-ad7f-d8b4d9f0735a] INFO  o.eclipse.m2e.core.internal.Bundles - 	Entry: C:\eclipse\plugins\org.eclipse.m2e.maven.runtime_3.8.701.20230209-1606\jars\maven-embedder-3.8.7.jar
2023-07-02 12:25:55,119 [Worker-21: Launching mavenrun-d77d19d8-0a45-4aad-ad7f-d8b4d9f0735a] INFO  o.eclipse.m2e.core.internal.Bundles - 	Entry: C:\eclipse\plugins\org.eclipse.m2e.maven.runtime_3.8.701.20230209-1606\jars\maven-model-3.8.7.jar
2023-07-02 12:25:55,119 [Worker-21: Launching mavenrun-d77d19d8-0a45-4aad-ad7f-d8b4d9f0735a] INFO  o.eclipse.m2e.core.internal.Bundles - 	Entry: C:\eclipse\plugins\org.eclipse.m2e.maven.runtime_3.8.701.20230209-1606\jars\maven-model-builder-3.8.7.jar
2023-07-02 12:25:55,119 [Worker-21: Launching mavenrun-d77d19d8-0a45-4aad-ad7f-d8b4d9f0735a] INFO  o.eclipse.m2e.core.internal.Bundles - 	Entry: C:\eclipse\plugins\org.eclipse.m2e.maven.runtime_3.8.701.20230209-1606\jars\maven-plugin-api-3.8.7.jar
2023-07-02 12:25:55,119 [Worker-21: Launching mavenrun-d77d19d8-0a45-4aad-ad7f-d8b4d9f0735a] INFO  o.eclipse.m2e.core.internal.Bundles - 	Entry: C:\eclipse\plugins\org.eclipse.m2e.maven.runtime_3.8.701.20230209-1606\jars\maven-repository-metadata-3.8.7.jar
2023-07-02 12:25:55,119 [Worker-21: Launching mavenrun-d77d19d8-0a45-4aad-ad7f-d8b4d9f0735a] INFO  o.eclipse.m2e.core.internal.Bundles - 	Entry: C:\eclipse\plugins\org.eclipse.m2e.maven.runtime_3.8.701.20230209-1606\jars\maven-resolver-api-1.6.3.jar
2023-07-02 12:25:55,119 [Worker-21: Launching mavenrun-d77d19d8-0a45-4aad-ad7f-d8b4d9f0735a] INFO  o.eclipse.m2e.core.internal.Bundles - 	Entry: C:\eclipse\plugins\org.eclipse.m2e.maven.runtime_3.8.701.20230209-1606\jars\maven-resolver-connector-basic-1.6.3.jar
2023-07-02 12:25:55,119 [Worker-21: Launching mavenrun-d77d19d8-0a45-4aad-ad7f-d8b4d9f0735a] INFO  o.eclipse.m2e.core.internal.Bundles - 	Entry: C:\eclipse\plugins\org.eclipse.m2e.maven.runtime_3.8.701.20230209-1606\jars\maven-resolver-impl-1.6.3.jar
2023-07-02 12:25:55,119 [Worker-21: Launching mavenrun-d77d19d8-0a45-4aad-ad7f-d8b4d9f0735a] INFO  o.eclipse.m2e.core.internal.Bundles - 	Entry: C:\eclipse\plugins\org.eclipse.m2e.maven.runtime_3.8.701.20230209-1606\jars\maven-resolver-provider-3.8.7.jar
2023-07-02 12:25:55,119 [Worker-21: Launching mavenrun-d77d19d8-0a45-4aad-ad7f-d8b4d9f0735a] INFO  o.eclipse.m2e.core.internal.Bundles - 	Entry: C:\eclipse\plugins\org.eclipse.m2e.maven.runtime_3.8.701.20230209-1606\jars\maven-resolver-spi-1.6.3.jar
2023-07-02 12:25:55,119 [Worker-21: Launching mavenrun-d77d19d8-0a45-4aad-ad7f-d8b4d9f0735a] INFO  o.eclipse.m2e.core.internal.Bundles - 	Entry: C:\eclipse\plugins\org.eclipse.m2e.maven.runtime_3.8.701.20230209-1606\jars\maven-resolver-transport-wagon-1.6.3.jar
2023-07-02 12:25:55,119 [Worker-21: Launching mavenrun-d77d19d8-0a45-4aad-ad7f-d8b4d9f0735a] INFO  o.eclipse.m2e.core.internal.Bundles - 	Entry: C:\eclipse\plugins\org.eclipse.m2e.maven.runtime_3.8.701.20230209-1606\jars\maven-resolver-util-1.6.3.jar
2023-07-02 12:25:55,119 [Worker-21: Launching mavenrun-d77d19d8-0a45-4aad-ad7f-d8b4d9f0735a] INFO  o.eclipse.m2e.core.internal.Bundles - 	Entry: C:\eclipse\plugins\org.eclipse.m2e.maven.runtime_3.8.701.20230209-1606\jars\maven-settings-3.8.7.jar
2023-07-02 12:25:55,120 [Worker-21: Launching mavenrun-d77d19d8-0a45-4aad-ad7f-d8b4d9f0735a] INFO  o.eclipse.m2e.core.internal.Bundles - 	Entry: C:\eclipse\plugins\org.eclipse.m2e.maven.runtime_3.8.701.20230209-1606\jars\maven-settings-builder-3.8.7.jar
2023-07-02 12:25:55,120 [Worker-21: Launching mavenrun-d77d19d8-0a45-4aad-ad7f-d8b4d9f0735a] INFO  o.eclipse.m2e.core.internal.Bundles - 	Entry: C:\eclipse\plugins\org.eclipse.m2e.maven.runtime_3.8.701.20230209-1606\jars\maven-shared-utils-3.3.4.jar
2023-07-02 12:25:55,120 [Worker-21: Launching mavenrun-d77d19d8-0a45-4aad-ad7f-d8b4d9f0735a] INFO  o.eclipse.m2e.core.internal.Bundles - 	Entry: C:\eclipse\plugins\org.eclipse.m2e.maven.runtime_3.8.701.20230209-1606\jars\okhttp-3.14.1.jar
2023-07-02 12:25:55,120 [Worker-21: Launching mavenrun-d77d19d8-0a45-4aad-ad7f-d8b4d9f0735a] INFO  o.eclipse.m2e.core.internal.Bundles - 	Entry: C:\eclipse\plugins\org.eclipse.m2e.maven.runtime_3.8.701.20230209-1606\jars\okio-1.17.3.jar
2023-07-02 12:25:55,120 [Worker-21: Launching mavenrun-d77d19d8-0a45-4aad-ad7f-d8b4d9f0735a] INFO  o.eclipse.m2e.core.internal.Bundles - 	Entry: C:\eclipse\plugins\org.eclipse.m2e.maven.runtime_3.8.701.20230209-1606\jars\org.eclipse.sisu.inject-0.3.5.jar
2023-07-02 12:25:55,120 [Worker-21: Launching mavenrun-d77d19d8-0a45-4aad-ad7f-d8b4d9f0735a] INFO  o.eclipse.m2e.core.internal.Bundles - 	Entry: C:\eclipse\plugins\org.eclipse.m2e.maven.runtime_3.8.701.20230209-1606\jars\org.eclipse.sisu.plexus-0.3.5.jar
2023-07-02 12:25:55,120 [Worker-21: Launching mavenrun-d77d19d8-0a45-4aad-ad7f-d8b4d9f0735a] INFO  o.eclipse.m2e.core.internal.Bundles - 	Entry: C:\eclipse\plugins\org.eclipse.m2e.maven.runtime_3.8.701.20230209-1606\jars\plexus-build-api-0.0.7.jar
2023-07-02 12:25:55,120 [Worker-21: Launching mavenrun-d77d19d8-0a45-4aad-ad7f-d8b4d9f0735a] INFO  o.eclipse.m2e.core.internal.Bundles - 	Entry: C:\eclipse\plugins\org.eclipse.m2e.maven.runtime_3.8.701.20230209-1606\jars\plexus-cipher-2.0.jar
2023-07-02 12:25:55,120 [Worker-21: Launching mavenrun-d77d19d8-0a45-4aad-ad7f-d8b4d9f0735a] INFO  o.eclipse.m2e.core.internal.Bundles - 	Entry: C:\eclipse\plugins\org.eclipse.m2e.maven.runtime_3.8.701.20230209-1606\jars\plexus-classworlds-2.6.0.jar
2023-07-02 12:25:55,120 [Worker-21: Launching mavenrun-d77d19d8-0a45-4aad-ad7f-d8b4d9f0735a] INFO  o.eclipse.m2e.core.internal.Bundles - 	Entry: C:\eclipse\plugins\org.eclipse.m2e.maven.runtime_3.8.701.20230209-1606\jars\plexus-component-annotations-2.1.0.jar
2023-07-02 12:25:55,121 [Worker-21: Launching mavenrun-d77d19d8-0a45-4aad-ad7f-d8b4d9f0735a] INFO  o.eclipse.m2e.core.internal.Bundles - 	Entry: C:\eclipse\plugins\org.eclipse.m2e.maven.runtime_3.8.701.20230209-1606\jars\plexus-interpolation-1.26.jar
2023-07-02 12:25:55,121 [Worker-21: Launching mavenrun-d77d19d8-0a45-4aad-ad7f-d8b4d9f0735a] INFO  o.eclipse.m2e.core.internal.Bundles - 	Entry: C:\eclipse\plugins\org.eclipse.m2e.maven.runtime_3.8.701.20230209-1606\jars\plexus-sec-dispatcher-2.0.jar
2023-07-02 12:25:55,121 [Worker-21: Launching mavenrun-d77d19d8-0a45-4aad-ad7f-d8b4d9f0735a] INFO  o.eclipse.m2e.core.internal.Bundles - 	Entry: C:\eclipse\plugins\org.eclipse.m2e.maven.runtime_3.8.701.20230209-1606\jars\plexus-utils-3.3.1.jar
2023-07-02 12:25:55,121 [Worker-21: Launching mavenrun-d77d19d8-0a45-4aad-ad7f-d8b4d9f0735a] INFO  o.eclipse.m2e.core.internal.Bundles - 	Entry: C:\eclipse\plugins\org.eclipse.m2e.maven.runtime_3.8.701.20230209-1606\jars\wagon-file-3.5.3.jar
2023-07-02 12:25:55,121 [Worker-21: Launching mavenrun-d77d19d8-0a45-4aad-ad7f-d8b4d9f0735a] INFO  o.eclipse.m2e.core.internal.Bundles - 	Entry: C:\eclipse\plugins\org.eclipse.m2e.maven.runtime_3.8.701.20230209-1606\jars\wagon-provider-api-3.5.3.jar
2023-07-02 12:25:55,123 [Worker-21: Launching mavenrun-d77d19d8-0a45-4aad-ad7f-d8b4d9f0735a] INFO  o.eclipse.m2e.core.internal.Bundles - getClasspathEntries(Bundle=com.google.guava_31.1.0.jre [11])
2023-07-02 12:25:55,124 [Worker-21: Launching mavenrun-d77d19d8-0a45-4aad-ad7f-d8b4d9f0735a] INFO  o.eclipse.m2e.core.internal.Bundles - 	Entry: C:\eclipse\plugins\com.google.guava_31.1.0.jre.jar
2023-07-02 12:25:55,124 [Worker-21: Launching mavenrun-d77d19d8-0a45-4aad-ad7f-d8b4d9f0735a] INFO  o.eclipse.m2e.core.internal.Bundles - getClasspathEntries(Bundle=slf4j.api_1.7.36 [924])
2023-07-02 12:25:55,125 [Worker-21: Launching mavenrun-d77d19d8-0a45-4aad-ad7f-d8b4d9f0735a] INFO  o.eclipse.m2e.core.internal.Bundles - 	Entry: C:\eclipse\plugins\slf4j.api_1.7.36.jar
2023-07-02 12:25:55,125 [Worker-21: Launching mavenrun-d77d19d8-0a45-4aad-ad7f-d8b4d9f0735a] INFO  o.eclipse.m2e.core.internal.Bundles - getClasspathEntries(Bundle=javax.inject_1.0.0.v20220405-0441 [35])
2023-07-02 12:25:55,127 [Worker-21: Launching mavenrun-d77d19d8-0a45-4aad-ad7f-d8b4d9f0735a] INFO  o.eclipse.m2e.core.internal.Bundles - 	Entry: C:\eclipse\plugins\javax.inject_1.0.0.v20220405-0441.jar
2023-07-02 12:25:55,127 [Worker-21: Launching mavenrun-d77d19d8-0a45-4aad-ad7f-d8b4d9f0735a] INFO  o.eclipse.m2e.core.internal.Bundles - getClasspathEntries(Bundle=javax.annotation_1.3.5.v20221203-1659 [33])
2023-07-02 12:25:55,128 [Worker-21: Launching mavenrun-d77d19d8-0a45-4aad-ad7f-d8b4d9f0735a] INFO  o.eclipse.m2e.core.internal.Bundles - 	Entry: C:\eclipse\plugins\javax.annotation_1.3.5.v20221203-1659.jar
2023-07-02 12:25:55,129 [Worker-21: Launching mavenrun-d77d19d8-0a45-4aad-ad7f-d8b4d9f0735a] INFO  o.eclipse.m2e.core.internal.Bundles - getClasspathEntries(Bundle=org.apache.commons.cli_1.4.0.v20221112-0806 [67])
2023-07-02 12:25:55,129 [Worker-21: Launching mavenrun-d77d19d8-0a45-4aad-ad7f-d8b4d9f0735a] INFO  o.eclipse.m2e.core.internal.Bundles - 	Entry: C:\eclipse\plugins\org.apache.commons.cli_1.4.0.v20221112-0806.jar
2023-07-02 12:25:55,129 [Worker-21: Launching mavenrun-d77d19d8-0a45-4aad-ad7f-d8b4d9f0735a] INFO  o.eclipse.m2e.core.internal.Bundles - getClasspathEntries(Bundle=com.google.guava.failureaccess_1.0.1 [13])
2023-07-02 12:25:55,130 [Worker-21: Launching mavenrun-d77d19d8-0a45-4aad-ad7f-d8b4d9f0735a] INFO  o.eclipse.m2e.core.internal.Bundles - 	Entry: C:\eclipse\plugins\com.google.guava.failureaccess_1.0.1.jar
2023-07-02 12:25:55,138 [Worker-21: Launching mavenrun-d77d19d8-0a45-4aad-ad7f-d8b4d9f0735a] INFO  o.e.m.i.launch.MavenLaunchDelegate - Run build in "C:\Users\KABIRA~1\AppData\Local\Temp\m2e-archetypeGenerator7964348737048187414":
2023-07-02 12:25:55,143 [Worker-21: Launching mavenrun-d77d19d8-0a45-4aad-ad7f-d8b4d9f0735a] INFO  o.e.m.i.launch.MavenLaunchDelegate -  mvn  -DarchetypeGroupId=org.apache.maven.archetypes -DarchetypeArtifactId=maven-archetype-quickstart -DarchetypeVersion=1.1 -DgroupId=com.rajkabee -DartifactId=j2se -Dversion=0.0.1-SNAPSHOT -Dpackage=com.rajkabee.j2se -DoutputDirectory=E:\javaAt12PmJuly2023 -Dstyle.color=always -U archetype:generate
2023-07-02 12:27:00,525 [Worker-19: Creating maven-archetype-quickstart] INFO  o.e.m.c.i.p.ProjectConfigurationManager - Collecting project info '/pom.xml' E:\javaAt12PmJuly2023\j2se\pom.xml
2023-07-02 12:27:01,616 [Worker-19: Creating maven-archetype-quickstart] INFO  o.e.m.c.i.l.LifecycleMappingFactory - Using org.eclipse.m2e.jdt.JarLifecycleMapping lifecycle mapping for MavenProject: com.rajkabee:j2se:0.0.1-SNAPSHOT @ E:\javaAt12PmJuly2023\j2se\pom.xml.
2023-07-02 12:27:02,628 [Worker-19: Creating maven-archetype-quickstart] INFO  o.e.m.j.i.AbstractJavaProjectConfigurator - Adding source folder /j2se/src/main/java
2023-07-02 12:27:02,638 [Worker-19: Creating maven-archetype-quickstart] INFO  o.e.m.j.i.AbstractJavaProjectConfigurator - Adding source folder /j2se/src/test/java
2023-07-02 12:27:02,813 [Worker-19: Creating maven-archetype-quickstart] INFO  o.e.m.c.i.p.ProjectConfigurationManager - Imported and configured 1 project(s) in 2 sec
2023-07-02 12:27:04,339 [Worker-3: Building] INFO  o.e.m.c.i.embedder.EclipseLogger - Using 'UTF-8' encoding to copy filtered resources.
2023-07-02 12:27:04,339 [Worker-3: Building] INFO  o.e.m.c.i.embedder.EclipseLogger - skip non existing resourceDirectory E:\javaAt12PmJuly2023\j2se\src\main\resources
2023-07-02 12:27:04,344 [Worker-3: Building] INFO  o.e.m.c.i.embedder.EclipseLogger - Using 'UTF-8' encoding to copy filtered resources.
2023-07-02 12:27:04,345 [Worker-3: Building] INFO  o.e.m.c.i.embedder.EclipseLogger - skip non existing resourceDirectory E:\javaAt12PmJuly2023\j2se\src\test\resources
